<?xml version="1.0" encoding="UTF-8"?>
<!-- Generated by org.testng.reporters.JUnitXMLReporter -->
<testsuite ignored="0" hostname="DESKTOP-6MFKABJ" failures="0" tests="5" name="Craftedtreasures Tests" time="0.425" errors="0" timestamp="2024-02-01T18:26:08 GMT-05:00">
  <testcase classname="com.craftedTrasures.testcases.Login" name="@BeforeMethod setUp" time="0.055">
    <failure type="java.lang.NullPointerException" message="Cannot invoke &amp;quot;org.openqa.selenium.WebDriver.manage()&amp;quot; because &amp;quot;this.driver&amp;quot; is null">
      <![CDATA[java.lang.NullPointerException: Cannot invoke "org.openqa.selenium.WebDriver.manage()" because "this.driver" is null
at com.craftedTreasures.base.Base.driverInitialisation(Base.java:52)
at com.craftedTrasures.testcases.Login.setUp(Login.java:32)
at java.base/java.util.concurrent.ThreadPoolExecutor.runWorker(ThreadPoolExecutor.java:1136)
at java.base/java.util.concurrent.ThreadPoolExecutor$Worker.run(ThreadPoolExecutor.java:635)
at java.base/java.lang.Thread.run(Thread.java:833)
... Removed 16 stack frames]]>
    </failure>
  </testcase> <!-- @BeforeMethod setUp -->
  <testcase classname="com.craftedTrasures.testcases.Search" name="@BeforeMethod setUp" time="0.081">
    <failure type="java.lang.NullPointerException" message="Cannot invoke &amp;quot;org.openqa.selenium.WebDriver.manage()&amp;quot; because &amp;quot;this.driver&amp;quot; is null">
      <![CDATA[java.lang.NullPointerException: Cannot invoke "org.openqa.selenium.WebDriver.manage()" because "this.driver" is null
at com.craftedTreasures.base.Base.driverInitialisation(Base.java:52)
at com.craftedTrasures.testcases.Search.setUp(Search.java:22)
at java.base/java.util.concurrent.ThreadPoolExecutor.runWorker(ThreadPoolExecutor.java:1136)
at java.base/java.util.concurrent.ThreadPoolExecutor$Worker.run(ThreadPoolExecutor.java:635)
at java.base/java.lang.Thread.run(Thread.java:833)
... Removed 16 stack frames]]>
    </failure>
  </testcase> <!-- @BeforeMethod setUp -->
  <testcase classname="com.craftedTrasures.testcases.Search" name="@BeforeMethod setUp" time="0.069">
    <failure type="java.lang.NullPointerException" message="Cannot invoke &amp;quot;org.openqa.selenium.WebDriver.manage()&amp;quot; because &amp;quot;this.driver&amp;quot; is null">
      <![CDATA[java.lang.NullPointerException: Cannot invoke "org.openqa.selenium.WebDriver.manage()" because "this.driver" is null
at com.craftedTreasures.base.Base.driverInitialisation(Base.java:52)
at com.craftedTrasures.testcases.Search.setUp(Search.java:22)
at java.base/java.util.concurrent.ThreadPoolExecutor.runWorker(ThreadPoolExecutor.java:1136)
at java.base/java.util.concurrent.ThreadPoolExecutor$Worker.run(ThreadPoolExecutor.java:635)
at java.base/java.lang.Thread.run(Thread.java:833)
... Removed 16 stack frames]]>
    </failure>
  </testcase> <!-- @BeforeMethod setUp -->
  <testcase classname="com.craftedTrasures.testcases.Register" name="@BeforeMethod setup" time="0.091">
    <failure type="java.lang.NullPointerException" message="Cannot invoke &amp;quot;org.openqa.selenium.WebDriver.manage()&amp;quot; because &amp;quot;this.driver&amp;quot; is null">
      <![CDATA[java.lang.NullPointerException: Cannot invoke "org.openqa.selenium.WebDriver.manage()" because "this.driver" is null
at com.craftedTreasures.base.Base.driverInitialisation(Base.java:52)
at com.craftedTrasures.testcases.Register.setup(Register.java:26)
at java.base/java.util.concurrent.ThreadPoolExecutor.runWorker(ThreadPoolExecutor.java:1136)
at java.base/java.util.concurrent.ThreadPoolExecutor$Worker.run(ThreadPoolExecutor.java:635)
at java.base/java.lang.Thread.run(Thread.java:833)
... Removed 16 stack frames]]>
    </failure>
  </testcase> <!-- @BeforeMethod setup -->
  <testcase classname="com.craftedTrasures.testcases.Login" name="@BeforeMethod setUp" time="0.092">
    <failure type="java.lang.NullPointerException" message="Cannot invoke &amp;quot;org.openqa.selenium.WebDriver.manage()&amp;quot; because &amp;quot;this.driver&amp;quot; is null">
      <![CDATA[java.lang.NullPointerException: Cannot invoke "org.openqa.selenium.WebDriver.manage()" because "this.driver" is null
at com.craftedTreasures.base.Base.driverInitialisation(Base.java:52)
at com.craftedTrasures.testcases.Login.setUp(Login.java:32)
at java.base/java.util.concurrent.ThreadPoolExecutor.runWorker(ThreadPoolExecutor.java:1136)
at java.base/java.util.concurrent.ThreadPoolExecutor$Worker.run(ThreadPoolExecutor.java:635)
at java.base/java.lang.Thread.run(Thread.java:833)
... Removed 16 stack frames]]>
    </failure>
  </testcase> <!-- @BeforeMethod setUp -->
  <testcase classname="com.craftedTrasures.testcases.Register" name="@AfterMethod tearDown" time="0.0">
    <skipped/>
  </testcase> <!-- @AfterMethod tearDown -->
  <testcase classname="com.craftedTrasures.testcases.Login" name="@AfterMethod tearDown" time="0.0">
    <skipped/>
  </testcase> <!-- @AfterMethod tearDown -->
  <testcase classname="com.craftedTrasures.testcases.Login" name="@AfterMethod tearDown" time="0.0">
    <skipped/>
  </testcase> <!-- @AfterMethod tearDown -->
  <testcase classname="com.craftedTrasures.testcases.Search" name="@AfterMethod tearDown" time="0.0">
    <skipped/>
  </testcase> <!-- @AfterMethod tearDown -->
  <testcase classname="com.craftedTrasures.testcases.Search" name="@AfterMethod tearDown" time="0.0">
    <skipped/>
  </testcase> <!-- @AfterMethod tearDown -->
  <testcase classname="com.craftedTrasures.testcases.Register" name="registerWithAllFields" time="0.0">
    <skipped/>
  </testcase> <!-- registerWithAllFields -->
  <testcase classname="com.craftedTrasures.testcases.Login" name="loginwithinvalidcedentials" time="0.003">
    <skipped/>
  </testcase> <!-- loginwithinvalidcedentials -->
  <testcase classname="com.craftedTrasures.testcases.Search" name="searchWithNonExistingProduct" time="0.001">
    <skipped/>
  </testcase> <!-- searchWithNonExistingProduct -->
  <testcase classname="com.craftedTrasures.testcases.Login" name="loginwithvalidcedentials" time="0.0">
    <skipped/>
  </testcase> <!-- loginwithvalidcedentials -->
  <testcase classname="com.craftedTrasures.testcases.Search" name="searchWithvalidProduct" time="0.0">
    <skipped/>
  </testcase> <!-- searchWithvalidProduct -->
</testsuite> <!-- Craftedtreasures Tests -->
